2025-07-31T08:54:11.231+05:30  INFO 4876 --- [11-Back_End] [main] com.ijse.o11back_end.Application         : Starting Application using Java 21.0.2 with PID 4876 (C:\IJSE\GDSE71\AAD\Spring\Spring-Framework-masterfinal\Spring-Framework-master\11-Back_End\target\classes started by prasa in C:\IJSE\GDSE71\AAD\Spring\Spring-Framework-masterfinal\Spring-Framework-master)
2025-07-31T08:54:11.236+05:30  INFO 4876 --- [11-Back_End] [main] com.ijse.o11back_end.Application         : No active profile set, falling back to 1 default profile: "default"
2025-07-31T08:54:11.807+05:30  INFO 4876 --- [11-Back_End] [main] .s.d.r.c.RepositoryConfigurationDelegate : Bootstrapping Spring Data JPA repositories in DEFAULT mode.
2025-07-31T08:54:11.866+05:30  INFO 4876 --- [11-Back_End] [main] .s.d.r.c.RepositoryConfigurationDelegate : Finished Spring Data repository scanning in 41 ms. Found 1 JPA repository interface.
2025-07-31T08:54:12.229+05:30  INFO 4876 --- [11-Back_End] [main] o.s.b.w.embedded.tomcat.TomcatWebServer  : Tomcat initialized with port 8080 (http)
2025-07-31T08:54:12.238+05:30  INFO 4876 --- [11-Back_End] [main] o.apache.catalina.core.StandardService   : Starting service [Tomcat]
2025-07-31T08:54:12.238+05:30  INFO 4876 --- [11-Back_End] [main] o.apache.catalina.core.StandardEngine    : Starting Servlet engine: [Apache Tomcat/10.1.42]
2025-07-31T08:54:12.285+05:30  INFO 4876 --- [11-Back_End] [main] o.a.c.c.C.[Tomcat].[localhost].[/]       : Initializing Spring embedded WebApplicationContext
2025-07-31T08:54:12.285+05:30  INFO 4876 --- [11-Back_End] [main] w.s.c.ServletWebServerApplicationContext : Root WebApplicationContext: initialization completed in 1016 ms
2025-07-31T08:54:12.396+05:30  INFO 4876 --- [11-Back_End] [main] o.hibernate.jpa.internal.util.LogHelper  : HHH000204: Processing PersistenceUnitInfo [name: default]
2025-07-31T08:54:12.450+05:30  INFO 4876 --- [11-Back_End] [main] org.hibernate.Version                    : HHH000412: Hibernate ORM core version 6.6.18.Final
2025-07-31T08:54:12.483+05:30  INFO 4876 --- [11-Back_End] [main] o.h.c.internal.RegionFactoryInitiator    : HHH000026: Second-level cache disabled
2025-07-31T08:54:12.707+05:30  INFO 4876 --- [11-Back_End] [main] o.s.o.j.p.SpringPersistenceUnitInfo      : No LoadTimeWeaver setup: ignoring JPA class transformer
2025-07-31T08:54:12.730+05:30  INFO 4876 --- [11-Back_End] [main] com.zaxxer.hikari.HikariDataSource       : HikariPool-1 - Starting...
2025-07-31T08:54:12.979+05:30  INFO 4876 --- [11-Back_End] [main] com.zaxxer.hikari.pool.HikariPool        : HikariPool-1 - Added connection com.mysql.cj.jdbc.ConnectionImpl@511d5e6e
2025-07-31T08:54:12.981+05:30  INFO 4876 --- [11-Back_End] [main] com.zaxxer.hikari.HikariDataSource       : HikariPool-1 - Start completed.
2025-07-31T08:54:13.020+05:30  WARN 4876 --- [11-Back_End] [main] org.hibernate.orm.deprecation            : HHH90000025: MySQLDialect does not need to be specified explicitly using 'hibernate.dialect' (remove the property setting and it will be selected by default)
2025-07-31T08:54:13.033+05:30  INFO 4876 --- [11-Back_End] [main] org.hibernate.orm.connections.pooling    : HHH10001005: Database info:
	Database JDBC URL [Connecting through datasource 'HikariDataSource (HikariPool-1)']
	Database driver: undefined/unknown
	Database version: 8.0.39
	Autocommit mode: undefined/unknown
	Isolation level: undefined/unknown
	Minimum pool size: undefined/unknown
	Maximum pool size: undefined/unknown
2025-07-31T08:54:13.682+05:30  INFO 4876 --- [11-Back_End] [main] o.h.e.t.j.p.i.JtaPlatformInitiator       : HHH000489: No JTA platform available (set 'hibernate.transaction.jta.platform' to enable JTA platform integration)
2025-07-31T08:54:13.733+05:30  INFO 4876 --- [11-Back_End] [main] j.LocalContainerEntityManagerFactoryBean : Initialized JPA EntityManagerFactory for persistence unit 'default'
2025-07-31T08:54:13.913+05:30  INFO 4876 --- [11-Back_End] [main] o.s.d.j.r.query.QueryEnhancerFactory     : Hibernate is in classpath; If applicable, HQL parser will be used.
2025-07-31T08:54:14.055+05:30  WARN 4876 --- [11-Back_End] [main] JpaBaseConfiguration$JpaWebConfiguration : spring.jpa.open-in-view is enabled by default. Therefore, database queries may be performed during view rendering. Explicitly configure spring.jpa.open-in-view to disable this warning
2025-07-31T08:54:14.385+05:30  INFO 4876 --- [11-Back_End] [main] o.s.b.w.embedded.tomcat.TomcatWebServer  : Tomcat started on port 8080 (http) with context path '/'
2025-07-31T08:54:14.391+05:30  INFO 4876 --- [11-Back_End] [main] com.ijse.o11back_end.Application         : Started Application in 3.54 seconds (process running for 4.456)
2025-07-31T08:54:19.932+05:30  INFO 4876 --- [11-Back_End] [http-nio-8080-exec-1] o.a.c.c.C.[Tomcat].[localhost].[/]       : Initializing Spring DispatcherServlet 'dispatcherServlet'
2025-07-31T08:54:19.933+05:30  INFO 4876 --- [11-Back_End] [http-nio-8080-exec-1] o.s.web.servlet.DispatcherServlet        : Initializing Servlet 'dispatcherServlet'
2025-07-31T08:54:19.933+05:30  INFO 4876 --- [11-Back_End] [http-nio-8080-exec-1] o.s.web.servlet.DispatcherServlet        : Completed initialization in 0 ms
2025-07-31T08:54:20.156+05:30  WARN 4876 --- [11-Back_End] [http-nio-8080-exec-3] ration$PageModule$WarningLoggingModifier : Serializing PageImpl instances as-is is not supported, meaning that there is no guarantee about the stability of the resulting JSON structure!
	For a stable JSON structure, please use Spring Data's PagedModel (globally via @EnableSpringDataWebSupport(pageSerializationMode = VIA_DTO))
	or Spring HATEOAS and Spring Data's PagedResourcesAssembler as documented in https://docs.spring.io/spring-data/commons/reference/repositories/core-extensions.html#core.web.pageables.

2025-07-31T09:29:12.560+05:30  INFO 4876 --- [11-Back_End] [SpringApplicationShutdownHook] o.s.b.w.e.tomcat.GracefulShutdown        : Commencing graceful shutdown. Waiting for active requests to complete
2025-07-31T09:29:12.567+05:30  INFO 4876 --- [11-Back_End] [tomcat-shutdown] o.s.b.w.e.tomcat.GracefulShutdown        : Graceful shutdown complete
2025-07-31T09:29:12.572+05:30  INFO 4876 --- [11-Back_End] [SpringApplicationShutdownHook] j.LocalContainerEntityManagerFactoryBean : Closing JPA EntityManagerFactory for persistence unit 'default'
2025-07-31T09:29:12.575+05:30  INFO 4876 --- [11-Back_End] [SpringApplicationShutdownHook] com.zaxxer.hikari.HikariDataSource       : HikariPool-1 - Shutdown initiated...
2025-07-31T09:29:12.578+05:30  INFO 4876 --- [11-Back_End] [SpringApplicationShutdownHook] com.zaxxer.hikari.HikariDataSource       : HikariPool-1 - Shutdown completed.
